[Fri Apr  1 07:47:52 2016] [debug] Your secret passphrase needs to be changed
[Fri Apr  1 07:47:53 2016] [debug] GET "/"
[Fri Apr  1 07:47:53 2016] [debug] Routing to controller "Cucumber::Example::Controller::Example" and action "welcome"
[Fri Apr  1 07:47:53 2016] [debug] Rendering template "example/welcome.html.ep"
[Fri Apr  1 07:47:53 2016] [debug] Rendering template "layouts/default.html.ep"
[Fri Apr  1 07:47:53 2016] [debug] 200 OK (0.008087s, 123.655/s)
[Fri Apr  1 07:48:38 2016] [debug] Your secret passphrase needs to be changed
[Fri Apr  1 07:48:38 2016] [debug] GET "/"
[Fri Apr  1 07:48:38 2016] [debug] Routing to controller "Cucumber::Example::Controller::Example" and action "welcome"
[Fri Apr  1 07:48:38 2016] [debug] Rendering template "example/welcome.html.ep"
[Fri Apr  1 07:48:38 2016] [error] Template "/home/user/work/cucumber_example/templates/example/welcome.html.ep" has invalid encoding at /usr/lib/perl5/site_perl/5.14/Mojolicious/Plugin/EPLRenderer.pm line 39.

[Fri Apr  1 07:48:38 2016] [debug] Template "exception.development.html.ep" not found
[Fri Apr  1 07:48:38 2016] [debug] Template "exception.html.ep" not found
[Fri Apr  1 07:48:38 2016] [debug] Rendering inline template "fd403ab55a4c875e35b42428816134c7"
[Fri Apr  1 07:48:38 2016] [debug] Rendering inline template "dd85456cf9f44e1e43bebae130a7f9df"
[Fri Apr  1 07:48:38 2016] [debug] 500 Internal Server Error (0.049667s, 20.134/s)
[Fri Apr  1 07:49:04 2016] [debug] Your secret passphrase needs to be changed
[Fri Apr  1 07:49:04 2016] [debug] GET "/"
[Fri Apr  1 07:49:04 2016] [debug] Routing to controller "Cucumber::Example::Controller::Example" and action "welcome"
[Fri Apr  1 07:49:04 2016] [debug] Rendering template "example/welcome.html.ep"
[Fri Apr  1 07:49:04 2016] [debug] 200 OK (0.011022s, 90.728/s)
[Fri Apr  1 07:49:10 2016] [debug] POST "/calculate"
[Fri Apr  1 07:49:10 2016] [debug] Template "not_found.development.html.ep" not found
[Fri Apr  1 07:49:10 2016] [debug] Template "not_found.html.ep" not found
[Fri Apr  1 07:49:10 2016] [debug] Rendering inline template "fd403ab55a4c875e35b42428816134c7"
[Fri Apr  1 07:49:10 2016] [debug] Rendering inline template "dd85456cf9f44e1e43bebae130a7f9df"
[Fri Apr  1 07:49:10 2016] [debug] 404 Not Found (0.039080s, 25.589/s)
[Fri Apr  1 07:59:07 2016] [debug] Your secret passphrase needs to be changed
[Fri Apr  1 07:59:07 2016] [debug] GET "/"
[Fri Apr  1 07:59:07 2016] [debug] Routing to controller "Cucumber::Example::Controller::Example" and action "welcome"
[Fri Apr  1 07:59:07 2016] [debug] Rendering template "example/welcome.html.ep"
[Fri Apr  1 07:59:07 2016] [debug] 200 OK (0.011845s, 84.424/s)
[Fri Apr  1 07:59:09 2016] [debug] POST "/calculate"
[Fri Apr  1 07:59:09 2016] [debug] Template "not_found.development.html.ep" not found
[Fri Apr  1 07:59:09 2016] [debug] Template "not_found.html.ep" not found
[Fri Apr  1 07:59:09 2016] [debug] Rendering inline template "fd403ab55a4c875e35b42428816134c7"
[Fri Apr  1 07:59:09 2016] [debug] Rendering inline template "dd85456cf9f44e1e43bebae130a7f9df"
[Fri Apr  1 07:59:09 2016] [debug] 404 Not Found (0.040732s, 24.551/s)
[Fri Apr  1 08:00:00 2016] [debug] Your secret passphrase needs to be changed
[Fri Apr  1 08:00:00 2016] [debug] GET "/"
[Fri Apr  1 08:00:00 2016] [debug] Routing to controller "Cucumber::Example::Controller::Example" and action "welcome"
[Fri Apr  1 08:00:00 2016] [debug] Rendering template "example/welcome.html.ep"
[Fri Apr  1 08:00:00 2016] [debug] 200 OK (0.011625s, 86.022/s)
[Fri Apr  1 08:00:01 2016] [debug] POST "/calculate"
[Fri Apr  1 08:00:01 2016] [debug] Template "not_found.development.html.ep" not found
[Fri Apr  1 08:00:01 2016] [debug] Template "not_found.html.ep" not found
[Fri Apr  1 08:00:01 2016] [debug] Rendering inline template "fd403ab55a4c875e35b42428816134c7"
[Fri Apr  1 08:00:01 2016] [debug] Rendering inline template "dd85456cf9f44e1e43bebae130a7f9df"
[Fri Apr  1 08:00:01 2016] [debug] 404 Not Found (0.040896s, 24.452/s)
[Fri Apr  1 08:00:48 2016] [debug] POST "/calculate"
[Fri Apr  1 08:00:48 2016] [debug] Template "not_found.development.html.ep" not found
[Fri Apr  1 08:00:48 2016] [debug] Template "not_found.html.ep" not found
[Fri Apr  1 08:00:48 2016] [debug] Rendering cached inline template "fd403ab55a4c875e35b42428816134c7"
[Fri Apr  1 08:00:48 2016] [debug] Rendering cached inline template "dd85456cf9f44e1e43bebae130a7f9df"
[Fri Apr  1 08:00:48 2016] [debug] 404 Not Found (0.020000s, 50.000/s)
[Fri Apr  1 08:00:52 2016] [debug] GET "/"
[Fri Apr  1 08:00:52 2016] [debug] Routing to controller "Cucumber::Example::Controller::Example" and action "welcome"
[Fri Apr  1 08:00:52 2016] [debug] Rendering cached template "example/welcome.html.ep"
[Fri Apr  1 08:00:52 2016] [debug] 200 OK (0.001867s, 535.619/s)
[Fri Apr  1 08:00:58 2016] [debug] Your secret passphrase needs to be changed
[Fri Apr  1 08:00:58 2016] [debug] POST "/calculate"
[Fri Apr  1 08:00:58 2016] [debug] Template "not_found.development.html.ep" not found
[Fri Apr  1 08:00:58 2016] [debug] Template "not_found.html.ep" not found
[Fri Apr  1 08:00:58 2016] [debug] Rendering inline template "fd403ab55a4c875e35b42428816134c7"
[Fri Apr  1 08:00:58 2016] [debug] Rendering inline template "dd85456cf9f44e1e43bebae130a7f9df"
[Fri Apr  1 08:00:58 2016] [debug] 404 Not Found (0.041153s, 24.300/s)
[Fri Apr  1 08:01:14 2016] [debug] Your secret passphrase needs to be changed
[Fri Apr  1 08:01:14 2016] [debug] POST "/calculate"
[Fri Apr  1 08:01:14 2016] [debug] Routing to controller "Cucumber::Example::Controller::Example" and action "calculate"
[Fri Apr  1 08:01:14 2016] [debug] Action not found in controller
[Fri Apr  1 08:01:14 2016] [debug] Rendering template "example/calculate.html.ep"
[Fri Apr  1 08:01:14 2016] [error] Global symbol "$colorie" requires explicit package name at template example/calculate.html.ep line 8.
Global symbol "$protein" requires explicit package name at template example/calculate.html.ep line 9.
3:   <head>
4:     <title>飼育計画</title>
5:   </head>
6:   <body>
7:     飼育に必要な飼料は
8:     <span id="colorie"><%= $colorie %>MJ</span>
9:     <span id="protein"><%= $protein %>kg</span>
10:   </body>
11: </html>

[Fri Apr  1 08:01:14 2016] [debug] Template "exception.development.html.ep" not found
[Fri Apr  1 08:01:14 2016] [debug] Template "exception.html.ep" not found
[Fri Apr  1 08:01:14 2016] [debug] Rendering inline template "fd403ab55a4c875e35b42428816134c7"
[Fri Apr  1 08:01:14 2016] [debug] Rendering inline template "dd85456cf9f44e1e43bebae130a7f9df"
[Fri Apr  1 08:01:14 2016] [debug] 500 Internal Server Error (0.061015s, 16.389/s)
[Fri Apr  1 08:08:02 2016] [debug] Your secret passphrase needs to be changed
[Fri Apr  1 08:08:02 2016] [debug] GET "/"
[Fri Apr  1 08:08:02 2016] [debug] Routing to controller "Cucumber::Example::Controller::Example" and action "welcome"
[Fri Apr  1 08:08:02 2016] [debug] Rendering template "example/welcome.html.ep"
[Fri Apr  1 08:08:02 2016] [debug] 200 OK (0.011804s, 84.717/s)
[Fri Apr  1 08:08:03 2016] [debug] POST "/calculate"
[Fri Apr  1 08:08:03 2016] [debug] Routing to controller "Cucumber::Example::Controller::Example" and action "calculate"
[Fri Apr  1 08:08:03 2016] [debug] Action not found in controller
[Fri Apr  1 08:08:03 2016] [debug] Rendering template "example/calculate.html.ep"
[Fri Apr  1 08:08:03 2016] [debug] 200 OK (0.005631s, 177.588/s)
[Fri Apr  1 08:08:09 2016] [debug] POST "/calculate"
[Fri Apr  1 08:08:09 2016] [debug] Routing to controller "Cucumber::Example::Controller::Example" and action "calculate"
[Fri Apr  1 08:08:09 2016] [debug] Action not found in controller
[Fri Apr  1 08:08:09 2016] [debug] Rendering cached template "example/calculate.html.ep"
[Fri Apr  1 08:08:09 2016] [debug] 200 OK (0.003381s, 295.770/s)
[Fri Apr  1 08:11:02 2016] [debug] Your secret passphrase needs to be changed
[Fri Apr  1 08:11:02 2016] [debug] GET "/"
[Fri Apr  1 08:11:02 2016] [debug] Routing to controller "Cucumber::Example::Controller::Example" and action "welcome"
[Fri Apr  1 08:11:02 2016] [debug] Rendering template "example/welcome.html.ep"
[Fri Apr  1 08:11:02 2016] [debug] 200 OK (0.013489s, 74.134/s)
[Fri Apr  1 08:11:03 2016] [debug] POST "/calculate"
[Fri Apr  1 08:11:03 2016] [debug] Routing to controller "Cucumber::Example::Controller::Example" and action "calculate"
[Fri Apr  1 08:11:03 2016] [debug] Action not found in controller
[Fri Apr  1 08:11:03 2016] [debug] Rendering template "example/calculate.html.ep"
[Fri Apr  1 08:11:03 2016] [error] Global symbol "$colorie" requires explicit package name at template example/calculate.html.ep line 8.
Global symbol "$protein" requires explicit package name at template example/calculate.html.ep line 9.
3:   <head>
4:     <title>飼育計画</title>
5:   </head>
6:   <body>
7:     飼育に必要な飼料は
8:     <span id="colorie"><%= $colorie %>MJ</span>
9:     <span id="protein"><%= $protein %>kg</span>
10:   </body>
11: </html>

[Fri Apr  1 08:11:03 2016] [debug] Template "exception.development.html.ep" not found
[Fri Apr  1 08:11:03 2016] [debug] Template "exception.html.ep" not found
[Fri Apr  1 08:11:03 2016] [debug] Rendering inline template "fd403ab55a4c875e35b42428816134c7"
[Fri Apr  1 08:11:03 2016] [debug] Rendering inline template "dd85456cf9f44e1e43bebae130a7f9df"
[Fri Apr  1 08:11:03 2016] [debug] 500 Internal Server Error (0.063283s, 15.802/s)
[Fri Apr  1 21:54:24 2016] [debug] Your secret passphrase needs to be changed
[Fri Apr  1 21:54:24 2016] [debug] GET "/"
[Fri Apr  1 21:54:24 2016] [debug] Routing to controller "Cucumber::Example::Controller::Example" and action "welcome"
[Fri Apr  1 21:54:24 2016] [debug] Rendering template "example/welcome.html.ep"
[Fri Apr  1 21:54:24 2016] [debug] 200 OK (0.012470s, 80.192/s)
[Fri Apr  1 21:54:26 2016] [debug] POST "/calculate"
[Fri Apr  1 21:54:26 2016] [debug] Routing to controller "Cucumber::Example::Controller::Example" and action "calculate"
[Fri Apr  1 21:54:26 2016] [debug] Rendering template "example/calculate.html.ep"
[Fri Apr  1 21:54:26 2016] [debug] 200 OK (0.005573s, 179.437/s)
[Fri Apr  1 21:54:30 2016] [debug] POST "/calculate"
[Fri Apr  1 21:54:30 2016] [debug] Routing to controller "Cucumber::Example::Controller::Example" and action "calculate"
[Fri Apr  1 21:54:30 2016] [debug] Rendering cached template "example/calculate.html.ep"
[Fri Apr  1 21:54:30 2016] [debug] 200 OK (0.001837s, 544.366/s)
[Sat Apr  2 14:36:17 2016] [debug] Your secret passphrase needs to be changed
[Sat Apr  2 14:36:17 2016] [debug] GET "/"
[Sat Apr  2 14:36:17 2016] [debug] Routing to controller "Cucumber::Example::Controller::Example" and action "welcome"
[Sat Apr  2 14:36:17 2016] [debug] Rendering template "example/welcome.html.ep"
[Sat Apr  2 14:36:17 2016] [debug] 200 OK (0.020142s, 49.648/s)
[Sat Apr  2 14:36:19 2016] [debug] POST "/calculate"
[Sat Apr  2 14:36:19 2016] [debug] Routing to controller "Cucumber::Example::Controller::Example" and action "calculate"
[Sat Apr  2 14:36:19 2016] [debug] Rendering template "example/calculate.html.ep"
[Sat Apr  2 14:36:19 2016] [debug] 200 OK (0.006728s, 148.633/s)
[Sat Apr  2 14:37:30 2016] [debug] POST "/calculate"
[Sat Apr  2 14:37:30 2016] [debug] Routing to controller "Cucumber::Example::Controller::Example" and action "calculate"
[Sat Apr  2 14:37:30 2016] [debug] Rendering cached template "example/calculate.html.ep"
[Sat Apr  2 14:37:30 2016] [debug] 200 OK (0.005000s, 200.000/s)
[Sat Apr  2 14:54:01 2016] [debug] Your secret passphrase needs to be changed
[Sat Apr  2 14:54:01 2016] [debug] POST "/calculate"
[Sat Apr  2 14:54:01 2016] [debug] Routing to controller "Cucumber::Example::Controller::Example" and action "calculate"
[Sat Apr  2 14:54:01 2016] [debug] Rendering template "example/calculate.html.ep"
[Sat Apr  2 14:54:01 2016] [debug] 200 OK (0.020152s, 49.623/s)
[Thu Apr  7 20:23:33 2016] [debug] Your secret passphrase needs to be changed
[Thu Apr  7 20:23:33 2016] [debug] GET "/"
[Thu Apr  7 20:23:33 2016] [debug] Routing to controller "Cucumber::Example::Controller::Example" and action "welcome"
[Thu Apr  7 20:23:33 2016] [debug] Rendering template "example/welcome.html.ep"
[Thu Apr  7 20:23:33 2016] [debug] 200 OK (0.020846s, 47.971/s)
[Thu Apr  7 20:23:44 2016] [debug] GET "/"
[Thu Apr  7 20:23:44 2016] [debug] Routing to controller "Cucumber::Example::Controller::Example" and action "welcome"
[Thu Apr  7 20:23:44 2016] [debug] Rendering cached template "example/welcome.html.ep"
[Thu Apr  7 20:23:44 2016] [debug] 200 OK (0.002577s, 388.048/s)
[Thu Apr  7 20:24:01 2016] [debug] GET "/"
[Thu Apr  7 20:24:01 2016] [debug] Routing to controller "Cucumber::Example::Controller::Example" and action "welcome"
[Thu Apr  7 20:24:01 2016] [debug] Rendering cached template "example/welcome.html.ep"
[Thu Apr  7 20:24:01 2016] [debug] 200 OK (0.002230s, 448.430/s)
[Thu Apr  7 20:24:08 2016] [debug] POST "/calculate"
[Thu Apr  7 20:24:08 2016] [debug] Routing to controller "Cucumber::Example::Controller::Example" and action "calculate"
[Thu Apr  7 20:24:08 2016] [debug] Rendering template "example/calculate.html.ep"
[Thu Apr  7 20:24:08 2016] [debug] 200 OK (0.007001s, 142.837/s)
[Wed Apr 13 19:11:06 2016] [debug] Your secret passphrase needs to be changed
[Wed Apr 13 19:11:06 2016] [debug] GET "/"
[Wed Apr 13 19:11:06 2016] [debug] Routing to controller "Cucumber::Example::Controller::Example" and action "welcome"
[Wed Apr 13 19:11:06 2016] [debug] Rendering template "example/welcome.html.ep"
[Wed Apr 13 19:11:06 2016] [debug] 200 OK (0.022821s, 43.819/s)
[Wed Apr 13 19:11:30 2016] [debug] GET "/"
[Wed Apr 13 19:11:30 2016] [debug] Routing to controller "Cucumber::Example::Controller::Example" and action "welcome"
[Wed Apr 13 19:11:30 2016] [debug] Rendering cached template "example/welcome.html.ep"
[Wed Apr 13 19:11:30 2016] [debug] 200 OK (0.002234s, 447.628/s)
[Wed Apr 13 19:12:08 2016] [debug] GET "/"
[Wed Apr 13 19:12:08 2016] [debug] Routing to controller "Cucumber::Example::Controller::Example" and action "welcome"
[Wed Apr 13 19:12:08 2016] [debug] Rendering cached template "example/welcome.html.ep"
[Wed Apr 13 19:12:08 2016] [debug] 200 OK (0.003000s, 333.333/s)
[Wed Apr 13 19:12:37 2016] [debug] GET "/"
[Wed Apr 13 19:12:37 2016] [debug] Routing to controller "Cucumber::Example::Controller::Example" and action "welcome"
[Wed Apr 13 19:12:37 2016] [debug] Rendering cached template "example/welcome.html.ep"
[Wed Apr 13 19:12:37 2016] [debug] 200 OK (0.004983s, 200.682/s)
[Wed Apr 13 19:15:17 2016] [debug] GET "/"
[Wed Apr 13 19:15:17 2016] [debug] Routing to controller "Cucumber::Example::Controller::Example" and action "welcome"
[Wed Apr 13 19:15:17 2016] [debug] Rendering cached template "example/welcome.html.ep"
[Wed Apr 13 19:15:17 2016] [debug] 200 OK (0.004000s, 250.000/s)
[Wed Apr 13 19:18:44 2016] [debug] GET "/"
[Wed Apr 13 19:18:44 2016] [debug] Routing to controller "Cucumber::Example::Controller::Example" and action "welcome"
[Wed Apr 13 19:18:44 2016] [debug] Rendering cached template "example/welcome.html.ep"
[Wed Apr 13 19:18:44 2016] [debug] 200 OK (0.003000s, 333.333/s)
[Wed Apr 13 19:21:43 2016] [debug] GET "/"
[Wed Apr 13 19:21:43 2016] [debug] Routing to controller "Cucumber::Example::Controller::Example" and action "welcome"
[Wed Apr 13 19:21:43 2016] [debug] Rendering cached template "example/welcome.html.ep"
[Wed Apr 13 19:21:43 2016] [debug] 200 OK (0.004000s, 250.000/s)
[Wed Apr 13 19:24:02 2016] [debug] GET "/"
[Wed Apr 13 19:24:02 2016] [debug] Routing to controller "Cucumber::Example::Controller::Example" and action "welcome"
[Wed Apr 13 19:24:02 2016] [debug] Rendering cached template "example/welcome.html.ep"
[Wed Apr 13 19:24:02 2016] [debug] 200 OK (0.003000s, 333.333/s)
[Wed Apr 13 19:24:02 2016] [debug] POST "/calculate"
[Wed Apr 13 19:24:02 2016] [debug] Routing to controller "Cucumber::Example::Controller::Example" and action "calculate"
[Wed Apr 13 19:24:02 2016] [debug] Rendering template "example/calculate.html.ep"
[Wed Apr 13 19:24:02 2016] [debug] 200 OK (0.009679s, 103.316/s)
[Wed Apr 13 19:26:45 2016] [debug] POST "/calculate"
[Wed Apr 13 19:26:45 2016] [debug] Routing to controller "Cucumber::Example::Controller::Example" and action "calculate"
[Wed Apr 13 19:26:45 2016] [debug] Rendering cached template "example/calculate.html.ep"
[Wed Apr 13 19:26:45 2016] [debug] 200 OK (0.000000s, ??/s)
[Wed Apr 13 19:28:06 2016] [debug] GET "/"
[Wed Apr 13 19:28:06 2016] [debug] Routing to controller "Cucumber::Example::Controller::Example" and action "welcome"
[Wed Apr 13 19:28:06 2016] [debug] Rendering cached template "example/welcome.html.ep"
[Wed Apr 13 19:28:06 2016] [debug] 200 OK (0.003000s, 333.333/s)
[Wed Apr 13 19:28:07 2016] [debug] POST "/calculate"
[Wed Apr 13 19:28:07 2016] [debug] Routing to controller "Cucumber::Example::Controller::Example" and action "calculate"
[Wed Apr 13 19:28:07 2016] [debug] Rendering cached template "example/calculate.html.ep"
[Wed Apr 13 19:28:07 2016] [debug] 200 OK (0.003448s, 290.023/s)
[Wed Apr 13 19:28:48 2016] [debug] GET "/"
[Wed Apr 13 19:28:48 2016] [debug] Routing to controller "Cucumber::Example::Controller::Example" and action "welcome"
[Wed Apr 13 19:28:48 2016] [debug] Rendering cached template "example/welcome.html.ep"
[Wed Apr 13 19:28:48 2016] [debug] 200 OK (0.004001s, 249.938/s)
[Wed Apr 13 19:28:48 2016] [debug] POST "/calculate"
[Wed Apr 13 19:28:48 2016] [debug] Routing to controller "Cucumber::Example::Controller::Example" and action "calculate"
[Wed Apr 13 19:28:48 2016] [debug] Rendering cached template "example/calculate.html.ep"
[Wed Apr 13 19:28:48 2016] [debug] 200 OK (0.012096s, 82.672/s)
[Wed Apr 13 19:30:12 2016] [debug] GET "/"
[Wed Apr 13 19:30:12 2016] [debug] Routing to controller "Cucumber::Example::Controller::Example" and action "welcome"
[Wed Apr 13 19:30:12 2016] [debug] Rendering cached template "example/welcome.html.ep"
[Wed Apr 13 19:30:12 2016] [debug] 200 OK (0.004000s, 250.000/s)
[Wed Apr 13 19:30:13 2016] [debug] POST "/calculate"
[Wed Apr 13 19:30:13 2016] [debug] Routing to controller "Cucumber::Example::Controller::Example" and action "calculate"
[Wed Apr 13 19:30:13 2016] [debug] Rendering cached template "example/calculate.html.ep"
[Wed Apr 13 19:30:13 2016] [debug] 200 OK (0.003529s, 283.366/s)
[Wed Apr 13 19:31:24 2016] [debug] GET "/"
[Wed Apr 13 19:31:24 2016] [debug] Routing to controller "Cucumber::Example::Controller::Example" and action "welcome"
[Wed Apr 13 19:31:24 2016] [debug] Rendering cached template "example/welcome.html.ep"
[Wed Apr 13 19:31:24 2016] [debug] 200 OK (0.003001s, 333.222/s)
[Wed Apr 13 19:31:24 2016] [debug] POST "/calculate"
[Wed Apr 13 19:31:24 2016] [debug] Routing to controller "Cucumber::Example::Controller::Example" and action "calculate"
[Wed Apr 13 19:31:24 2016] [debug] Rendering cached template "example/calculate.html.ep"
[Wed Apr 13 19:31:24 2016] [debug] 200 OK (0.008504s, 117.592/s)
[Wed Apr 13 19:32:30 2016] [debug] GET "/"
[Wed Apr 13 19:32:30 2016] [debug] Routing to controller "Cucumber::Example::Controller::Example" and action "welcome"
[Wed Apr 13 19:32:30 2016] [debug] Rendering cached template "example/welcome.html.ep"
[Wed Apr 13 19:32:30 2016] [debug] 200 OK (0.002000s, 500.000/s)
[Wed Apr 13 19:32:30 2016] [debug] POST "/calculate"
[Wed Apr 13 19:32:30 2016] [debug] Routing to controller "Cucumber::Example::Controller::Example" and action "calculate"
[Wed Apr 13 19:32:30 2016] [debug] Rendering cached template "example/calculate.html.ep"
[Wed Apr 13 19:32:30 2016] [debug] 200 OK (0.003830s, 261.097/s)
[Wed Apr 13 19:32:59 2016] [debug] GET "/"
[Wed Apr 13 19:32:59 2016] [debug] Routing to controller "Cucumber::Example::Controller::Example" and action "welcome"
[Wed Apr 13 19:32:59 2016] [debug] Rendering cached template "example/welcome.html.ep"
[Wed Apr 13 19:32:59 2016] [debug] 200 OK (0.003079s, 324.781/s)
[Wed Apr 13 19:32:59 2016] [debug] POST "/calculate"
[Wed Apr 13 19:32:59 2016] [debug] Routing to controller "Cucumber::Example::Controller::Example" and action "calculate"
[Wed Apr 13 19:32:59 2016] [debug] Rendering cached template "example/calculate.html.ep"
[Wed Apr 13 19:32:59 2016] [debug] 200 OK (0.004538s, 220.361/s)
[Wed Apr 13 19:33:17 2016] [debug] GET "/"
[Wed Apr 13 19:33:17 2016] [debug] Routing to controller "Cucumber::Example::Controller::Example" and action "welcome"
[Wed Apr 13 19:33:17 2016] [debug] Rendering cached template "example/welcome.html.ep"
[Wed Apr 13 19:33:17 2016] [debug] 200 OK (0.004000s, 250.000/s)
[Wed Apr 13 19:33:17 2016] [debug] POST "/calculate"
[Wed Apr 13 19:33:17 2016] [debug] Routing to controller "Cucumber::Example::Controller::Example" and action "calculate"
[Wed Apr 13 19:33:17 2016] [debug] Rendering cached template "example/calculate.html.ep"
[Wed Apr 13 19:33:17 2016] [debug] 200 OK (0.008226s, 121.566/s)
[Wed Apr 13 19:34:57 2016] [debug] GET "/"
[Wed Apr 13 19:34:57 2016] [debug] Routing to controller "Cucumber::Example::Controller::Example" and action "welcome"
[Wed Apr 13 19:34:57 2016] [debug] Rendering cached template "example/welcome.html.ep"
[Wed Apr 13 19:34:57 2016] [debug] 200 OK (0.003001s, 333.222/s)
[Wed Apr 13 19:34:57 2016] [debug] POST "/calculate"
[Wed Apr 13 19:34:57 2016] [debug] Routing to controller "Cucumber::Example::Controller::Example" and action "calculate"
[Wed Apr 13 19:34:57 2016] [debug] Rendering cached template "example/calculate.html.ep"
[Wed Apr 13 19:34:57 2016] [debug] 200 OK (0.006960s, 143.678/s)
[Wed Apr 13 19:35:04 2016] [debug] GET "/"
[Wed Apr 13 19:35:04 2016] [debug] Routing to controller "Cucumber::Example::Controller::Example" and action "welcome"
[Wed Apr 13 19:35:04 2016] [debug] Rendering cached template "example/welcome.html.ep"
[Wed Apr 13 19:35:04 2016] [debug] 200 OK (0.003201s, 312.402/s)
[Wed Apr 13 19:35:04 2016] [debug] POST "/calculate"
[Wed Apr 13 19:35:04 2016] [debug] Routing to controller "Cucumber::Example::Controller::Example" and action "calculate"
[Wed Apr 13 19:35:04 2016] [debug] Rendering cached template "example/calculate.html.ep"
[Wed Apr 13 19:35:04 2016] [debug] 200 OK (0.004073s, 245.519/s)
[Wed Apr 13 19:36:00 2016] [debug] GET "/"
[Wed Apr 13 19:36:00 2016] [debug] Routing to controller "Cucumber::Example::Controller::Example" and action "welcome"
[Wed Apr 13 19:36:00 2016] [debug] Rendering cached template "example/welcome.html.ep"
[Wed Apr 13 19:36:00 2016] [debug] 200 OK (0.004001s, 249.938/s)
[Wed Apr 13 19:36:00 2016] [debug] POST "/calculate"
[Wed Apr 13 19:36:00 2016] [debug] Routing to controller "Cucumber::Example::Controller::Example" and action "calculate"
[Wed Apr 13 19:36:00 2016] [debug] Rendering cached template "example/calculate.html.ep"
[Wed Apr 13 19:36:00 2016] [debug] 200 OK (0.006055s, 165.153/s)
[Wed Apr 13 19:36:07 2016] [debug] GET "/"
[Wed Apr 13 19:36:07 2016] [debug] Routing to controller "Cucumber::Example::Controller::Example" and action "welcome"
[Wed Apr 13 19:36:07 2016] [debug] Rendering cached template "example/welcome.html.ep"
[Wed Apr 13 19:36:07 2016] [debug] 200 OK (0.003799s, 263.227/s)
[Wed Apr 13 19:36:07 2016] [debug] POST "/calculate"
[Wed Apr 13 19:36:07 2016] [debug] Routing to controller "Cucumber::Example::Controller::Example" and action "calculate"
[Wed Apr 13 19:36:07 2016] [debug] Rendering cached template "example/calculate.html.ep"
[Wed Apr 13 19:36:07 2016] [debug] 200 OK (0.005760s, 173.611/s)
[Wed Apr 13 19:36:42 2016] [debug] GET "/"
[Wed Apr 13 19:36:42 2016] [debug] Routing to controller "Cucumber::Example::Controller::Example" and action "welcome"
[Wed Apr 13 19:36:42 2016] [debug] Rendering cached template "example/welcome.html.ep"
[Wed Apr 13 19:36:42 2016] [debug] 200 OK (0.016001s, 62.496/s)
[Wed Apr 13 19:36:42 2016] [debug] POST "/calculate"
[Wed Apr 13 19:36:43 2016] [debug] Routing to controller "Cucumber::Example::Controller::Example" and action "calculate"
[Wed Apr 13 19:36:43 2016] [debug] Rendering cached template "example/calculate.html.ep"
[Wed Apr 13 19:36:43 2016] [debug] 200 OK (0.046387s, 21.558/s)
[Wed Apr 13 19:36:51 2016] [debug] GET "/"
[Wed Apr 13 19:36:51 2016] [debug] Routing to controller "Cucumber::Example::Controller::Example" and action "welcome"
[Wed Apr 13 19:36:51 2016] [debug] Rendering cached template "example/welcome.html.ep"
[Wed Apr 13 19:36:51 2016] [debug] 200 OK (0.003031s, 329.924/s)
[Wed Apr 13 19:36:51 2016] [debug] POST "/calculate"
[Wed Apr 13 19:36:51 2016] [debug] Routing to controller "Cucumber::Example::Controller::Example" and action "calculate"
[Wed Apr 13 19:36:51 2016] [debug] Rendering cached template "example/calculate.html.ep"
[Wed Apr 13 19:36:51 2016] [debug] 200 OK (0.030303s, 33.000/s)
[Wed Apr 13 19:37:30 2016] [debug] GET "/"
[Wed Apr 13 19:37:30 2016] [debug] Routing to controller "Cucumber::Example::Controller::Example" and action "welcome"
[Wed Apr 13 19:37:30 2016] [debug] Rendering cached template "example/welcome.html.ep"
[Wed Apr 13 19:37:30 2016] [debug] 200 OK (0.003000s, 333.333/s)
[Wed Apr 13 19:37:30 2016] [debug] POST "/calculate"
[Wed Apr 13 19:37:30 2016] [debug] Routing to controller "Cucumber::Example::Controller::Example" and action "calculate"
[Wed Apr 13 19:37:30 2016] [debug] Rendering cached template "example/calculate.html.ep"
[Wed Apr 13 19:37:30 2016] [debug] 200 OK (0.004715s, 212.089/s)
[Wed Apr 13 19:37:36 2016] [debug] GET "/"
[Wed Apr 13 19:37:36 2016] [debug] Routing to controller "Cucumber::Example::Controller::Example" and action "welcome"
[Wed Apr 13 19:37:36 2016] [debug] Rendering cached template "example/welcome.html.ep"
[Wed Apr 13 19:37:36 2016] [debug] 200 OK (0.003113s, 321.234/s)
[Wed Apr 13 19:37:37 2016] [debug] POST "/calculate"
[Wed Apr 13 19:37:37 2016] [debug] Routing to controller "Cucumber::Example::Controller::Example" and action "calculate"
[Wed Apr 13 19:37:37 2016] [debug] Rendering cached template "example/calculate.html.ep"
[Wed Apr 13 19:37:37 2016] [debug] 200 OK (0.004087s, 244.678/s)
[Wed Apr 13 19:39:52 2016] [debug] GET "/"
[Wed Apr 13 19:39:52 2016] [debug] Routing to controller "Cucumber::Example::Controller::Example" and action "welcome"
[Wed Apr 13 19:39:52 2016] [debug] Rendering cached template "example/welcome.html.ep"
[Wed Apr 13 19:39:52 2016] [debug] 200 OK (0.003000s, 333.333/s)
[Wed Apr 13 19:39:52 2016] [debug] POST "/calculate"
[Wed Apr 13 19:39:52 2016] [debug] Routing to controller "Cucumber::Example::Controller::Example" and action "calculate"
[Wed Apr 13 19:39:52 2016] [debug] Rendering cached template "example/calculate.html.ep"
[Wed Apr 13 19:39:52 2016] [debug] 200 OK (0.004349s, 229.938/s)
[Wed Apr 13 19:39:59 2016] [debug] GET "/"
[Wed Apr 13 19:39:59 2016] [debug] Routing to controller "Cucumber::Example::Controller::Example" and action "welcome"
[Wed Apr 13 19:39:59 2016] [debug] Rendering cached template "example/welcome.html.ep"
[Wed Apr 13 19:39:59 2016] [debug] 200 OK (0.003685s, 271.370/s)
[Wed Apr 13 19:39:59 2016] [debug] POST "/calculate"
[Wed Apr 13 19:39:59 2016] [debug] Routing to controller "Cucumber::Example::Controller::Example" and action "calculate"
[Wed Apr 13 19:39:59 2016] [debug] Rendering cached template "example/calculate.html.ep"
[Wed Apr 13 19:39:59 2016] [debug] 200 OK (0.003680s, 271.739/s)
[Wed Apr 13 19:40:47 2016] [debug] GET "/"
[Wed Apr 13 19:40:47 2016] [debug] Routing to controller "Cucumber::Example::Controller::Example" and action "welcome"
[Wed Apr 13 19:40:47 2016] [debug] Rendering cached template "example/welcome.html.ep"
[Wed Apr 13 19:40:47 2016] [debug] 200 OK (0.004000s, 250.000/s)
[Wed Apr 13 19:40:47 2016] [debug] POST "/calculate"
[Wed Apr 13 19:40:47 2016] [debug] Routing to controller "Cucumber::Example::Controller::Example" and action "calculate"
[Wed Apr 13 19:40:47 2016] [debug] Rendering cached template "example/calculate.html.ep"
[Wed Apr 13 19:40:47 2016] [debug] 200 OK (0.004002s, 249.875/s)
[Wed Apr 13 19:40:53 2016] [debug] GET "/"
[Wed Apr 13 19:40:53 2016] [debug] Routing to controller "Cucumber::Example::Controller::Example" and action "welcome"
[Wed Apr 13 19:40:53 2016] [debug] Rendering cached template "example/welcome.html.ep"
[Wed Apr 13 19:40:53 2016] [debug] 200 OK (0.002315s, 431.965/s)
[Wed Apr 13 19:40:53 2016] [debug] POST "/calculate"
[Wed Apr 13 19:40:53 2016] [debug] Routing to controller "Cucumber::Example::Controller::Example" and action "calculate"
[Wed Apr 13 19:40:53 2016] [debug] Rendering cached template "example/calculate.html.ep"
[Wed Apr 13 19:40:53 2016] [debug] 200 OK (0.008174s, 122.339/s)
[Wed Apr 13 19:42:33 2016] [debug] GET "/"
[Wed Apr 13 19:42:33 2016] [debug] Routing to controller "Cucumber::Example::Controller::Example" and action "welcome"
[Wed Apr 13 19:42:33 2016] [debug] Rendering cached template "example/welcome.html.ep"
[Wed Apr 13 19:42:33 2016] [debug] 200 OK (0.004000s, 250.000/s)
[Wed Apr 13 19:42:33 2016] [debug] POST "/calculate"
[Wed Apr 13 19:42:33 2016] [debug] Routing to controller "Cucumber::Example::Controller::Example" and action "calculate"
[Wed Apr 13 19:42:33 2016] [debug] Rendering cached template "example/calculate.html.ep"
[Wed Apr 13 19:42:33 2016] [debug] 200 OK (0.005566s, 179.662/s)
[Wed Apr 13 19:42:39 2016] [debug] GET "/"
[Wed Apr 13 19:42:39 2016] [debug] Routing to controller "Cucumber::Example::Controller::Example" and action "welcome"
[Wed Apr 13 19:42:39 2016] [debug] Rendering cached template "example/welcome.html.ep"
[Wed Apr 13 19:42:39 2016] [debug] 200 OK (0.002378s, 420.521/s)
[Wed Apr 13 19:42:39 2016] [debug] POST "/calculate"
[Wed Apr 13 19:42:39 2016] [debug] Routing to controller "Cucumber::Example::Controller::Example" and action "calculate"
[Wed Apr 13 19:42:39 2016] [debug] Rendering cached template "example/calculate.html.ep"
[Wed Apr 13 19:42:39 2016] [debug] 200 OK (0.003588s, 278.707/s)
[Wed Apr 13 19:44:30 2016] [debug] GET "/"
[Wed Apr 13 19:44:30 2016] [debug] Routing to controller "Cucumber::Example::Controller::Example" and action "welcome"
[Wed Apr 13 19:44:30 2016] [debug] Rendering cached template "example/welcome.html.ep"
[Wed Apr 13 19:44:30 2016] [debug] 200 OK (0.005001s, 199.960/s)
[Wed Apr 13 19:44:31 2016] [debug] POST "/calculate"
[Wed Apr 13 19:44:31 2016] [debug] Routing to controller "Cucumber::Example::Controller::Example" and action "calculate"
[Wed Apr 13 19:44:31 2016] [debug] Rendering cached template "example/calculate.html.ep"
[Wed Apr 13 19:44:31 2016] [debug] 200 OK (0.004051s, 246.853/s)
[Wed Apr 13 19:44:37 2016] [debug] GET "/"
[Wed Apr 13 19:44:37 2016] [debug] Routing to controller "Cucumber::Example::Controller::Example" and action "welcome"
[Wed Apr 13 19:44:37 2016] [debug] Rendering cached template "example/welcome.html.ep"
[Wed Apr 13 19:44:37 2016] [debug] 200 OK (0.003273s, 305.530/s)
[Wed Apr 13 19:44:37 2016] [debug] POST "/calculate"
[Wed Apr 13 19:44:37 2016] [debug] Routing to controller "Cucumber::Example::Controller::Example" and action "calculate"
[Wed Apr 13 19:44:37 2016] [debug] Rendering cached template "example/calculate.html.ep"
[Wed Apr 13 19:44:37 2016] [debug] 200 OK (0.009485s, 105.430/s)
[Thu Apr 14 07:27:17 2016] [debug] Your secret passphrase needs to be changed
[Thu Apr 14 07:27:17 2016] [debug] GET "/"
[Thu Apr 14 07:27:17 2016] [debug] Routing to controller "Cucumber::Example::Controller::Example" and action "welcome"
[Thu Apr 14 07:27:17 2016] [debug] Rendering template "example/welcome.html.ep"
[Thu Apr 14 07:27:17 2016] [debug] 200 OK (0.012489s, 80.070/s)
[Thu Apr 14 07:27:18 2016] [debug] POST "/calculate"
[Thu Apr 14 07:27:18 2016] [debug] Routing to controller "Cucumber::Example::Controller::Example" and action "calculate"
[Thu Apr 14 07:27:18 2016] [debug] Rendering template "example/calculate.html.ep"
[Thu Apr 14 07:27:18 2016] [debug] 200 OK (0.006157s, 162.417/s)
[Thu Apr 14 07:27:22 2016] [debug] GET "/"
[Thu Apr 14 07:27:22 2016] [debug] Routing to controller "Cucumber::Example::Controller::Example" and action "welcome"
[Thu Apr 14 07:27:22 2016] [debug] Rendering cached template "example/welcome.html.ep"
[Thu Apr 14 07:27:22 2016] [debug] 200 OK (0.002407s, 415.455/s)
[Thu Apr 14 07:27:22 2016] [debug] POST "/calculate"
[Thu Apr 14 07:27:22 2016] [debug] Routing to controller "Cucumber::Example::Controller::Example" and action "calculate"
[Thu Apr 14 07:27:22 2016] [debug] Rendering cached template "example/calculate.html.ep"
[Thu Apr 14 07:27:22 2016] [debug] 200 OK (0.002030s, 492.611/s)
[Thu Apr 14 07:28:19 2016] [debug] GET "/"
[Thu Apr 14 07:28:19 2016] [debug] Routing to controller "Cucumber::Example::Controller::Example" and action "welcome"
[Thu Apr 14 07:28:19 2016] [debug] Rendering cached template "example/welcome.html.ep"
[Thu Apr 14 07:28:19 2016] [debug] 200 OK (0.004000s, 250.000/s)
[Thu Apr 14 07:28:19 2016] [debug] POST "/calculate"
[Thu Apr 14 07:28:19 2016] [debug] Routing to controller "Cucumber::Example::Controller::Example" and action "calculate"
[Thu Apr 14 07:28:19 2016] [debug] Rendering cached template "example/calculate.html.ep"
[Thu Apr 14 07:28:19 2016] [debug] 200 OK (0.009105s, 109.830/s)
[Thu Apr 14 07:28:23 2016] [debug] GET "/"
[Thu Apr 14 07:28:23 2016] [debug] Routing to controller "Cucumber::Example::Controller::Example" and action "welcome"
[Thu Apr 14 07:28:23 2016] [debug] Rendering cached template "example/welcome.html.ep"
[Thu Apr 14 07:28:23 2016] [debug] 200 OK (0.003778s, 264.690/s)
[Thu Apr 14 07:28:23 2016] [debug] POST "/calculate"
[Thu Apr 14 07:28:23 2016] [debug] Routing to controller "Cucumber::Example::Controller::Example" and action "calculate"
[Thu Apr 14 07:28:23 2016] [debug] Rendering cached template "example/calculate.html.ep"
[Thu Apr 14 07:28:23 2016] [debug] 200 OK (0.008661s, 115.460/s)
[Thu Apr 14 07:28:34 2016] [debug] GET "/"
[Thu Apr 14 07:28:34 2016] [debug] Routing to controller "Cucumber::Example::Controller::Example" and action "welcome"
[Thu Apr 14 07:28:34 2016] [debug] Rendering cached template "example/welcome.html.ep"
[Thu Apr 14 07:28:34 2016] [debug] 200 OK (0.001777s, 562.746/s)
[Thu Apr 14 07:28:34 2016] [debug] POST "/calculate"
[Thu Apr 14 07:28:34 2016] [debug] Routing to controller "Cucumber::Example::Controller::Example" and action "calculate"
[Thu Apr 14 07:28:34 2016] [debug] Rendering cached template "example/calculate.html.ep"
[Thu Apr 14 07:28:34 2016] [debug] 200 OK (0.002256s, 443.262/s)
[Thu Apr 14 07:28:38 2016] [debug] GET "/"
[Thu Apr 14 07:28:38 2016] [debug] Routing to controller "Cucumber::Example::Controller::Example" and action "welcome"
[Thu Apr 14 07:28:38 2016] [debug] Rendering cached template "example/welcome.html.ep"
[Thu Apr 14 07:28:38 2016] [debug] 200 OK (0.002518s, 397.141/s)
[Thu Apr 14 07:28:38 2016] [debug] POST "/calculate"
[Thu Apr 14 07:28:38 2016] [debug] Routing to controller "Cucumber::Example::Controller::Example" and action "calculate"
[Thu Apr 14 07:28:38 2016] [debug] Rendering cached template "example/calculate.html.ep"
[Thu Apr 14 07:28:38 2016] [debug] 200 OK (0.002754s, 363.108/s)
[Thu Apr 14 07:43:21 2016] [debug] GET "/"
[Thu Apr 14 07:43:21 2016] [debug] Routing to controller "Cucumber::Example::Controller::Example" and action "welcome"
[Thu Apr 14 07:43:21 2016] [debug] Rendering cached template "example/welcome.html.ep"
[Thu Apr 14 07:43:21 2016] [debug] 200 OK (0.001000s, 1000.000/s)
[Thu Apr 14 07:43:21 2016] [debug] POST "/calculate"
[Thu Apr 14 07:43:21 2016] [debug] Routing to controller "Cucumber::Example::Controller::Example" and action "calculate"
[Thu Apr 14 07:43:21 2016] [debug] Rendering cached template "example/calculate.html.ep"
[Thu Apr 14 07:43:21 2016] [debug] 200 OK (0.004817s, 207.598/s)
[Thu Apr 14 07:43:25 2016] [debug] GET "/"
[Thu Apr 14 07:43:25 2016] [debug] Routing to controller "Cucumber::Example::Controller::Example" and action "welcome"
[Thu Apr 14 07:43:25 2016] [debug] Rendering cached template "example/welcome.html.ep"
[Thu Apr 14 07:43:25 2016] [debug] 200 OK (0.001711s, 584.454/s)
[Thu Apr 14 07:43:25 2016] [debug] POST "/calculate"
[Thu Apr 14 07:43:25 2016] [debug] Routing to controller "Cucumber::Example::Controller::Example" and action "calculate"
[Thu Apr 14 07:43:25 2016] [debug] Rendering cached template "example/calculate.html.ep"
[Thu Apr 14 07:43:25 2016] [debug] 200 OK (0.002124s, 470.810/s)
[Thu Apr 14 20:36:02 2016] [debug] Your secret passphrase needs to be changed
[Thu Apr 14 20:36:02 2016] [debug] GET "/"
[Thu Apr 14 20:36:02 2016] [debug] Routing to controller "Cucumber::Example::Controller::Example" and action "welcome"
[Thu Apr 14 20:36:02 2016] [debug] Rendering template "example/welcome.html.ep"
[Thu Apr 14 20:36:02 2016] [debug] 200 OK (0.026408s, 37.867/s)
[Thu Apr 14 20:36:02 2016] [debug] POST "/calculate"
[Thu Apr 14 20:36:02 2016] [debug] Routing to controller "Cucumber::Example::Controller::Example" and action "calculate"
[Thu Apr 14 20:36:02 2016] [debug] Rendering template "example/calculate.html.ep"
[Thu Apr 14 20:36:02 2016] [debug] 200 OK (0.010889s, 91.836/s)
[Thu Apr 14 20:36:09 2016] [debug] GET "/"
[Thu Apr 14 20:36:09 2016] [debug] Routing to controller "Cucumber::Example::Controller::Example" and action "welcome"
[Thu Apr 14 20:36:09 2016] [debug] Rendering cached template "example/welcome.html.ep"
[Thu Apr 14 20:36:09 2016] [debug] 200 OK (0.002646s, 377.929/s)
[Thu Apr 14 20:36:09 2016] [debug] POST "/calculate"
[Thu Apr 14 20:36:09 2016] [debug] Routing to controller "Cucumber::Example::Controller::Example" and action "calculate"
[Thu Apr 14 20:36:09 2016] [debug] Rendering cached template "example/calculate.html.ep"
[Thu Apr 14 20:36:09 2016] [debug] 200 OK (0.005834s, 171.409/s)
[Thu Apr 14 20:36:26 2016] [debug] GET "/"
[Thu Apr 14 20:36:26 2016] [debug] Routing to controller "Cucumber::Example::Controller::Example" and action "welcome"
[Thu Apr 14 20:36:26 2016] [debug] Rendering cached template "example/welcome.html.ep"
[Thu Apr 14 20:36:26 2016] [debug] 200 OK (0.003228s, 309.789/s)
[Thu Apr 14 20:36:27 2016] [debug] POST "/calculate"
[Thu Apr 14 20:36:27 2016] [debug] Routing to controller "Cucumber::Example::Controller::Example" and action "calculate"
[Thu Apr 14 20:36:27 2016] [debug] Rendering cached template "example/calculate.html.ep"
[Thu Apr 14 20:36:27 2016] [debug] 200 OK (0.005026s, 198.965/s)
[Thu Apr 14 20:36:33 2016] [debug] GET "/"
[Thu Apr 14 20:36:33 2016] [debug] Routing to controller "Cucumber::Example::Controller::Example" and action "welcome"
[Thu Apr 14 20:36:33 2016] [debug] Rendering cached template "example/welcome.html.ep"
[Thu Apr 14 20:36:33 2016] [debug] 200 OK (0.003000s, 333.333/s)
[Thu Apr 14 20:36:33 2016] [debug] POST "/calculate"
[Thu Apr 14 20:36:33 2016] [debug] Routing to controller "Cucumber::Example::Controller::Example" and action "calculate"
[Thu Apr 14 20:36:33 2016] [debug] Rendering cached template "example/calculate.html.ep"
[Thu Apr 14 20:36:34 2016] [debug] 200 OK (0.008414s, 118.850/s)
[Thu Apr 14 20:36:58 2016] [debug] GET "/"
[Thu Apr 14 20:36:58 2016] [debug] Routing to controller "Cucumber::Example::Controller::Example" and action "welcome"
[Thu Apr 14 20:36:58 2016] [debug] Rendering cached template "example/welcome.html.ep"
[Thu Apr 14 20:36:58 2016] [debug] 200 OK (0.003362s, 297.442/s)
[Thu Apr 14 20:36:58 2016] [debug] POST "/calculate"
[Thu Apr 14 20:36:58 2016] [debug] Routing to controller "Cucumber::Example::Controller::Example" and action "calculate"
[Thu Apr 14 20:36:58 2016] [debug] Rendering cached template "example/calculate.html.ep"
[Thu Apr 14 20:36:58 2016] [debug] 200 OK (0.005603s, 178.476/s)
[Thu Apr 14 20:37:05 2016] [debug] GET "/"
[Thu Apr 14 20:37:05 2016] [debug] Routing to controller "Cucumber::Example::Controller::Example" and action "welcome"
[Thu Apr 14 20:37:05 2016] [debug] Rendering cached template "example/welcome.html.ep"
[Thu Apr 14 20:37:05 2016] [debug] 200 OK (0.004000s, 250.000/s)
[Thu Apr 14 20:37:05 2016] [debug] POST "/calculate"
[Thu Apr 14 20:37:05 2016] [debug] Routing to controller "Cucumber::Example::Controller::Example" and action "calculate"
[Thu Apr 14 20:37:05 2016] [debug] Rendering cached template "example/calculate.html.ep"
[Thu Apr 14 20:37:05 2016] [debug] 200 OK (0.007043s, 141.985/s)
[Thu Apr 14 20:40:50 2016] [debug] GET "/"
[Thu Apr 14 20:40:50 2016] [debug] Routing to controller "Cucumber::Example::Controller::Example" and action "welcome"
[Thu Apr 14 20:40:50 2016] [debug] Rendering cached template "example/welcome.html.ep"
[Thu Apr 14 20:40:50 2016] [debug] 200 OK (0.003000s, 333.333/s)
[Thu Apr 14 20:40:50 2016] [debug] POST "/calculate"
[Thu Apr 14 20:40:50 2016] [debug] Routing to controller "Cucumber::Example::Controller::Example" and action "calculate"
[Thu Apr 14 20:40:50 2016] [debug] Rendering cached template "example/calculate.html.ep"
[Thu Apr 14 20:40:50 2016] [debug] 200 OK (0.008083s, 123.716/s)
[Thu Apr 14 20:40:56 2016] [debug] GET "/"
[Thu Apr 14 20:40:56 2016] [debug] Routing to controller "Cucumber::Example::Controller::Example" and action "welcome"
[Thu Apr 14 20:40:56 2016] [debug] Rendering cached template "example/welcome.html.ep"
[Thu Apr 14 20:40:56 2016] [debug] 200 OK (0.003355s, 298.063/s)
[Thu Apr 14 20:40:56 2016] [debug] POST "/calculate"
[Thu Apr 14 20:40:56 2016] [debug] Routing to controller "Cucumber::Example::Controller::Example" and action "calculate"
[Thu Apr 14 20:40:56 2016] [debug] Rendering cached template "example/calculate.html.ep"
[Thu Apr 14 20:40:56 2016] [debug] 200 OK (0.004303s, 232.396/s)
[Thu Apr 14 20:42:05 2016] [debug] GET "/"
[Thu Apr 14 20:42:05 2016] [debug] Routing to controller "Cucumber::Example::Controller::Example" and action "welcome"
[Thu Apr 14 20:42:05 2016] [debug] Rendering cached template "example/welcome.html.ep"
[Thu Apr 14 20:42:05 2016] [debug] 200 OK (0.003000s, 333.333/s)
[Thu Apr 14 20:42:05 2016] [debug] POST "/calculate"
[Thu Apr 14 20:42:05 2016] [debug] Routing to controller "Cucumber::Example::Controller::Example" and action "calculate"
[Thu Apr 14 20:42:05 2016] [debug] Rendering cached template "example/calculate.html.ep"
[Thu Apr 14 20:42:05 2016] [debug] 200 OK (0.008193s, 122.055/s)
[Thu Apr 14 20:42:11 2016] [debug] GET "/"
[Thu Apr 14 20:42:11 2016] [debug] Routing to controller "Cucumber::Example::Controller::Example" and action "welcome"
[Thu Apr 14 20:42:11 2016] [debug] Rendering cached template "example/welcome.html.ep"
[Thu Apr 14 20:42:11 2016] [debug] 200 OK (0.003237s, 308.928/s)
[Thu Apr 14 20:42:11 2016] [debug] POST "/calculate"
[Thu Apr 14 20:42:11 2016] [debug] Routing to controller "Cucumber::Example::Controller::Example" and action "calculate"
[Thu Apr 14 20:42:11 2016] [debug] Rendering cached template "example/calculate.html.ep"
[Thu Apr 14 20:42:11 2016] [debug] 200 OK (0.006527s, 153.210/s)
[Thu Apr 14 20:43:53 2016] [debug] GET "/"
[Thu Apr 14 20:43:53 2016] [debug] Routing to controller "Cucumber::Example::Controller::Example" and action "welcome"
[Thu Apr 14 20:43:53 2016] [debug] Rendering cached template "example/welcome.html.ep"
[Thu Apr 14 20:43:53 2016] [debug] 200 OK (0.004000s, 250.000/s)
[Thu Apr 14 20:43:53 2016] [debug] POST "/calculate"
[Thu Apr 14 20:43:53 2016] [debug] Routing to controller "Cucumber::Example::Controller::Example" and action "calculate"
[Thu Apr 14 20:43:53 2016] [debug] Rendering cached template "example/calculate.html.ep"
[Thu Apr 14 20:43:53 2016] [debug] 200 OK (0.004279s, 233.699/s)
[Thu Apr 14 20:44:00 2016] [debug] GET "/"
[Thu Apr 14 20:44:00 2016] [debug] Routing to controller "Cucumber::Example::Controller::Example" and action "welcome"
[Thu Apr 14 20:44:00 2016] [debug] Rendering cached template "example/welcome.html.ep"
[Thu Apr 14 20:44:00 2016] [debug] 200 OK (0.003337s, 299.670/s)
[Thu Apr 14 20:44:00 2016] [debug] POST "/calculate"
[Thu Apr 14 20:44:00 2016] [debug] Routing to controller "Cucumber::Example::Controller::Example" and action "calculate"
[Thu Apr 14 20:44:00 2016] [debug] Rendering cached template "example/calculate.html.ep"
[Thu Apr 14 20:44:00 2016] [debug] 200 OK (0.003703s, 270.051/s)
[Thu Apr 14 20:44:14 2016] [debug] GET "/"
[Thu Apr 14 20:44:14 2016] [debug] Routing to controller "Cucumber::Example::Controller::Example" and action "welcome"
[Thu Apr 14 20:44:14 2016] [debug] Rendering cached template "example/welcome.html.ep"
[Thu Apr 14 20:44:14 2016] [debug] 200 OK (0.003358s, 297.796/s)
[Thu Apr 14 20:44:14 2016] [debug] POST "/calculate"
[Thu Apr 14 20:44:14 2016] [debug] Routing to controller "Cucumber::Example::Controller::Example" and action "calculate"
[Thu Apr 14 20:44:14 2016] [debug] Rendering cached template "example/calculate.html.ep"
[Thu Apr 14 20:44:14 2016] [debug] 200 OK (0.005183s, 192.938/s)
[Thu Apr 14 20:44:20 2016] [debug] GET "/"
[Thu Apr 14 20:44:20 2016] [debug] Routing to controller "Cucumber::Example::Controller::Example" and action "welcome"
[Thu Apr 14 20:44:20 2016] [debug] Rendering cached template "example/welcome.html.ep"
[Thu Apr 14 20:44:20 2016] [debug] 200 OK (0.003120s, 320.513/s)
[Thu Apr 14 20:44:20 2016] [debug] POST "/calculate"
[Thu Apr 14 20:44:20 2016] [debug] Routing to controller "Cucumber::Example::Controller::Example" and action "calculate"
[Thu Apr 14 20:44:20 2016] [debug] Rendering cached template "example/calculate.html.ep"
[Thu Apr 14 20:44:20 2016] [debug] 200 OK (0.004496s, 222.420/s)
[Thu Apr 14 21:17:49 2016] [debug] GET "/"
[Thu Apr 14 21:17:49 2016] [debug] Routing to controller "Cucumber::Example::Controller::Example" and action "welcome"
[Thu Apr 14 21:17:49 2016] [debug] Rendering cached template "example/welcome.html.ep"
[Thu Apr 14 21:17:49 2016] [debug] 200 OK (0.006000s, 166.667/s)
[Thu Apr 14 21:17:49 2016] [debug] POST "/calculate"
[Thu Apr 14 21:17:49 2016] [debug] Routing to controller "Cucumber::Example::Controller::Example" and action "calculate"
[Thu Apr 14 21:17:49 2016] [debug] Rendering cached template "example/calculate.html.ep"
[Thu Apr 14 21:17:49 2016] [debug] 200 OK (0.004150s, 240.964/s)
[Thu Apr 14 21:17:56 2016] [debug] GET "/"
[Thu Apr 14 21:17:56 2016] [debug] Routing to controller "Cucumber::Example::Controller::Example" and action "welcome"
[Thu Apr 14 21:17:56 2016] [debug] Rendering cached template "example/welcome.html.ep"
[Thu Apr 14 21:17:56 2016] [debug] 200 OK (0.003654s, 273.673/s)
[Thu Apr 14 21:17:56 2016] [debug] POST "/calculate"
[Thu Apr 14 21:17:56 2016] [debug] Routing to controller "Cucumber::Example::Controller::Example" and action "calculate"
[Thu Apr 14 21:17:56 2016] [debug] Rendering cached template "example/calculate.html.ep"
[Thu Apr 14 21:17:56 2016] [debug] 200 OK (0.011790s, 84.818/s)
[Thu Apr 14 21:30:02 2016] [debug] GET "/"
[Thu Apr 14 21:30:02 2016] [debug] Routing to controller "Cucumber::Example::Controller::Example" and action "welcome"
[Thu Apr 14 21:30:02 2016] [debug] Rendering cached template "example/welcome.html.ep"
[Thu Apr 14 21:30:02 2016] [debug] 200 OK (0.003000s, 333.333/s)
[Thu Apr 14 21:30:02 2016] [debug] POST "/calculate"
[Thu Apr 14 21:30:02 2016] [debug] Routing to controller "Cucumber::Example::Controller::Example" and action "calculate"
[Thu Apr 14 21:30:02 2016] [debug] Rendering cached template "example/calculate.html.ep"
[Thu Apr 14 21:30:02 2016] [debug] 200 OK (0.004657s, 214.731/s)
[Thu Apr 14 21:30:09 2016] [debug] GET "/"
[Thu Apr 14 21:30:09 2016] [debug] Routing to controller "Cucumber::Example::Controller::Example" and action "welcome"
[Thu Apr 14 21:30:09 2016] [debug] Rendering cached template "example/welcome.html.ep"
[Thu Apr 14 21:30:09 2016] [debug] 200 OK (0.003217s, 310.849/s)
[Thu Apr 14 21:30:09 2016] [debug] POST "/calculate"
[Thu Apr 14 21:30:09 2016] [debug] Routing to controller "Cucumber::Example::Controller::Example" and action "calculate"
[Thu Apr 14 21:30:09 2016] [debug] Rendering cached template "example/calculate.html.ep"
[Thu Apr 14 21:30:09 2016] [debug] 200 OK (0.003053s, 327.547/s)
[Thu Apr 14 21:30:21 2016] [debug] GET "/"
[Thu Apr 14 21:30:21 2016] [debug] Routing to controller "Cucumber::Example::Controller::Example" and action "welcome"
[Thu Apr 14 21:30:21 2016] [debug] Rendering cached template "example/welcome.html.ep"
[Thu Apr 14 21:30:21 2016] [debug] 200 OK (0.002553s, 391.696/s)
[Thu Apr 14 21:30:21 2016] [debug] POST "/calculate"
[Thu Apr 14 21:30:21 2016] [debug] Routing to controller "Cucumber::Example::Controller::Example" and action "calculate"
[Thu Apr 14 21:30:21 2016] [debug] Rendering cached template "example/calculate.html.ep"
[Thu Apr 14 21:30:21 2016] [debug] 200 OK (0.003591s, 278.474/s)
[Thu Apr 14 21:30:27 2016] [debug] GET "/"
[Thu Apr 14 21:30:27 2016] [debug] Routing to controller "Cucumber::Example::Controller::Example" and action "welcome"
[Thu Apr 14 21:30:27 2016] [debug] Rendering cached template "example/welcome.html.ep"
[Thu Apr 14 21:30:27 2016] [debug] 200 OK (0.005156s, 193.949/s)
[Thu Apr 14 21:30:27 2016] [debug] POST "/calculate"
[Thu Apr 14 21:30:27 2016] [debug] Routing to controller "Cucumber::Example::Controller::Example" and action "calculate"
[Thu Apr 14 21:30:27 2016] [debug] Rendering cached template "example/calculate.html.ep"
[Thu Apr 14 21:30:27 2016] [debug] 200 OK (0.017405s, 57.455/s)
[Thu Apr 14 21:32:17 2016] [debug] GET "/"
[Thu Apr 14 21:32:17 2016] [debug] Routing to controller "Cucumber::Example::Controller::Example" and action "welcome"
[Thu Apr 14 21:32:18 2016] [debug] Rendering cached template "example/welcome.html.ep"
[Thu Apr 14 21:32:18 2016] [debug] 200 OK (0.003000s, 333.333/s)
[Thu Apr 14 21:32:18 2016] [debug] POST "/calculate"
[Thu Apr 14 21:32:18 2016] [debug] Routing to controller "Cucumber::Example::Controller::Example" and action "calculate"
[Thu Apr 14 21:32:18 2016] [debug] Rendering cached template "example/calculate.html.ep"
[Thu Apr 14 21:32:18 2016] [debug] 200 OK (0.004188s, 238.777/s)
[Thu Apr 14 21:32:24 2016] [debug] GET "/"
[Thu Apr 14 21:32:24 2016] [debug] Routing to controller "Cucumber::Example::Controller::Example" and action "welcome"
[Thu Apr 14 21:32:24 2016] [debug] Rendering cached template "example/welcome.html.ep"
[Thu Apr 14 21:32:24 2016] [debug] 200 OK (0.003208s, 311.721/s)
[Thu Apr 14 21:32:24 2016] [debug] POST "/calculate"
[Thu Apr 14 21:32:24 2016] [debug] Routing to controller "Cucumber::Example::Controller::Example" and action "calculate"
[Thu Apr 14 21:32:24 2016] [debug] Rendering cached template "example/calculate.html.ep"
[Thu Apr 14 21:32:24 2016] [debug] 200 OK (0.004564s, 219.106/s)
[Fri Apr 15 07:29:05 2016] [debug] GET "/"
[Fri Apr 15 07:29:05 2016] [debug] Routing to controller "Cucumber::Example::Controller::Example" and action "welcome"
[Fri Apr 15 07:29:05 2016] [debug] Rendering cached template "example/welcome.html.ep"
[Fri Apr 15 07:29:05 2016] [debug] 200 OK (0.001000s, 1000.000/s)
[Fri Apr 15 07:29:05 2016] [debug] POST "/calculate"
[Fri Apr 15 07:29:05 2016] [debug] Routing to controller "Cucumber::Example::Controller::Example" and action "calculate"
[Fri Apr 15 07:29:05 2016] [debug] Rendering cached template "example/calculate.html.ep"
[Fri Apr 15 07:29:05 2016] [debug] 200 OK (0.002522s, 396.511/s)
[Fri Apr 15 07:29:10 2016] [debug] GET "/"
[Fri Apr 15 07:29:10 2016] [debug] Routing to controller "Cucumber::Example::Controller::Example" and action "welcome"
[Fri Apr 15 07:29:10 2016] [debug] Rendering cached template "example/welcome.html.ep"
[Fri Apr 15 07:29:10 2016] [debug] 200 OK (0.001875s, 533.333/s)
[Fri Apr 15 07:29:10 2016] [debug] POST "/calculate"
[Fri Apr 15 07:29:10 2016] [debug] Routing to controller "Cucumber::Example::Controller::Example" and action "calculate"
[Fri Apr 15 07:29:10 2016] [debug] Rendering cached template "example/calculate.html.ep"
[Fri Apr 15 07:29:10 2016] [debug] 200 OK (0.002566s, 389.712/s)
[Fri Apr 15 07:29:52 2016] [debug] GET "/"
[Fri Apr 15 07:29:52 2016] [debug] Routing to controller "Cucumber::Example::Controller::Example" and action "welcome"
[Fri Apr 15 07:29:52 2016] [debug] Rendering cached template "example/welcome.html.ep"
[Fri Apr 15 07:29:52 2016] [debug] 200 OK (0.008000s, 125.000/s)
[Fri Apr 15 07:29:53 2016] [debug] POST "/calculate"
[Fri Apr 15 07:29:53 2016] [debug] Routing to controller "Cucumber::Example::Controller::Example" and action "calculate"
[Fri Apr 15 07:29:53 2016] [debug] Rendering cached template "example/calculate.html.ep"
[Fri Apr 15 07:29:53 2016] [debug] 200 OK (0.001861s, 537.346/s)
[Fri Apr 15 07:29:57 2016] [debug] GET "/"
[Fri Apr 15 07:29:57 2016] [debug] Routing to controller "Cucumber::Example::Controller::Example" and action "welcome"
[Fri Apr 15 07:29:57 2016] [debug] Rendering cached template "example/welcome.html.ep"
[Fri Apr 15 07:29:57 2016] [debug] 200 OK (0.002286s, 437.445/s)
[Fri Apr 15 07:29:57 2016] [debug] POST "/calculate"
[Fri Apr 15 07:29:57 2016] [debug] Routing to controller "Cucumber::Example::Controller::Example" and action "calculate"
[Fri Apr 15 07:29:57 2016] [debug] Rendering cached template "example/calculate.html.ep"
[Fri Apr 15 07:29:57 2016] [debug] 200 OK (0.005251s, 190.440/s)
[Fri Apr 15 07:30:23 2016] [debug] GET "/"
[Fri Apr 15 07:30:23 2016] [debug] Routing to controller "Cucumber::Example::Controller::Example" and action "welcome"
[Fri Apr 15 07:30:23 2016] [debug] Rendering cached template "example/welcome.html.ep"
[Fri Apr 15 07:30:23 2016] [debug] 200 OK (0.005001s, 199.960/s)
[Fri Apr 15 07:30:23 2016] [debug] POST "/calculate"
[Fri Apr 15 07:30:23 2016] [debug] Routing to controller "Cucumber::Example::Controller::Example" and action "calculate"
[Fri Apr 15 07:30:23 2016] [debug] Rendering cached template "example/calculate.html.ep"
[Fri Apr 15 07:30:23 2016] [debug] 200 OK (0.014731s, 67.884/s)
[Fri Apr 15 07:30:29 2016] [debug] GET "/"
[Fri Apr 15 07:30:29 2016] [debug] Routing to controller "Cucumber::Example::Controller::Example" and action "welcome"
[Fri Apr 15 07:30:29 2016] [debug] Rendering cached template "example/welcome.html.ep"
[Fri Apr 15 07:30:29 2016] [debug] 200 OK (0.003083s, 324.359/s)
[Fri Apr 15 07:30:30 2016] [debug] POST "/calculate"
[Fri Apr 15 07:30:30 2016] [debug] Routing to controller "Cucumber::Example::Controller::Example" and action "calculate"
[Fri Apr 15 07:30:30 2016] [debug] Rendering cached template "example/calculate.html.ep"
[Fri Apr 15 07:30:30 2016] [debug] 200 OK (0.021365s, 46.806/s)
[Fri Apr 15 20:11:33 2016] [debug] Your secret passphrase needs to be changed
[Fri Apr 15 20:11:33 2016] [debug] GET "/"
[Fri Apr 15 20:11:33 2016] [debug] Routing to controller "Cucumber::Example::Controller::Example" and action "welcome"
[Fri Apr 15 20:11:33 2016] [debug] Rendering template "example/welcome.html.ep"
[Fri Apr 15 20:11:33 2016] [debug] 200 OK (0.029115s, 34.347/s)
[Fri Apr 15 20:11:41 2016] [debug] POST "/calculate"
[Fri Apr 15 20:11:41 2016] [debug] Routing to controller "Cucumber::Example::Controller::Example" and action "calculate"
[Fri Apr 15 20:11:41 2016] [debug] Rendering template "example/calculate.html.ep"
[Fri Apr 15 20:11:41 2016] [debug] 200 OK (0.007668s, 130.412/s)
[Fri Apr 15 20:11:54 2016] [debug] POST "/calculate"
[Fri Apr 15 20:11:54 2016] [debug] Routing to controller "Cucumber::Example::Controller::Example" and action "calculate"
[Fri Apr 15 20:11:54 2016] [debug] Rendering cached template "example/calculate.html.ep"
[Fri Apr 15 20:11:54 2016] [debug] 200 OK (0.008160s, 122.549/s)
[Fri Apr 15 20:12:03 2016] [debug] POST "/calculate"
[Fri Apr 15 20:12:03 2016] [debug] Routing to controller "Cucumber::Example::Controller::Example" and action "calculate"
[Fri Apr 15 20:12:03 2016] [debug] Rendering cached template "example/calculate.html.ep"
[Fri Apr 15 20:12:03 2016] [debug] 200 OK (0.003000s, 333.333/s)
[Fri Apr 15 20:13:22 2016] [debug] GET "/"
[Fri Apr 15 20:13:22 2016] [debug] Routing to controller "Cucumber::Example::Controller::Example" and action "welcome"
[Fri Apr 15 20:13:22 2016] [debug] Rendering cached template "example/welcome.html.ep"
[Fri Apr 15 20:13:22 2016] [debug] 200 OK (0.000000s, ??/s)
[Fri Apr 15 20:13:30 2016] [debug] POST "/calculate"
[Fri Apr 15 20:13:30 2016] [debug] Routing to controller "Cucumber::Example::Controller::Example" and action "calculate"
[Fri Apr 15 20:13:30 2016] [debug] Rendering cached template "example/calculate.html.ep"
[Fri Apr 15 20:13:30 2016] [debug] 200 OK (0.002790s, 358.423/s)
[Fri Apr 15 21:08:59 2016] [debug] Your secret passphrase needs to be changed
[Fri Apr 15 21:08:59 2016] [debug] GET "/"
[Fri Apr 15 21:08:59 2016] [debug] Routing to controller "Cucumber::Example::Controller::Example" and action "welcome"
[Fri Apr 15 21:08:59 2016] [debug] Rendering template "example/welcome.html.ep"
[Fri Apr 15 21:08:59 2016] [debug] 200 OK (0.027990s, 35.727/s)
[Fri Apr 15 21:09:06 2016] [debug] POST "/calculate"
[Fri Apr 15 21:09:06 2016] [debug] Routing to controller "Cucumber::Example::Controller::Example" and action "calculate"
[Fri Apr 15 21:09:06 2016] [debug] Rendering template "example/calculate.html.ep"
[Fri Apr 15 21:09:06 2016] [debug] 200 OK (0.006487s, 154.154/s)
[Fri Apr 15 21:23:52 2016] [debug] GET "/"
[Fri Apr 15 21:23:52 2016] [debug] Routing to controller "Cucumber::Example::Controller::Example" and action "welcome"
[Fri Apr 15 21:23:52 2016] [debug] Rendering cached template "example/welcome.html.ep"
[Fri Apr 15 21:23:52 2016] [debug] 200 OK (0.012500s, 80.000/s)
[Fri Apr 15 21:24:03 2016] [debug] POST "/calculate"
[Fri Apr 15 21:24:03 2016] [debug] Routing to controller "Cucumber::Example::Controller::Example" and action "calculate"
[Fri Apr 15 21:24:03 2016] [debug] Rendering cached template "example/calculate.html.ep"
[Fri Apr 15 21:24:03 2016] [debug] 200 OK (0.003260s, 306.748/s)
[Fri Apr 15 21:24:25 2016] [debug] POST "/calculate"
[Fri Apr 15 21:24:25 2016] [debug] Routing to controller "Cucumber::Example::Controller::Example" and action "calculate"
[Fri Apr 15 21:24:25 2016] [debug] Rendering cached template "example/calculate.html.ep"
[Fri Apr 15 21:24:25 2016] [debug] 200 OK (0.000000s, ??/s)
[Sat Apr 16 14:59:29 2016] [debug] Your secret passphrase needs to be changed
[Sat Apr 16 14:59:29 2016] [debug] GET "/"
[Sat Apr 16 14:59:29 2016] [debug] Routing to controller "Cucumber::Example::Controller::Example" and action "welcome"
[Sat Apr 16 14:59:29 2016] [debug] Rendering template "example/welcome.html.ep"
[Sat Apr 16 14:59:29 2016] [debug] 200 OK (0.022113s, 45.222/s)
[Sat Apr 16 14:59:35 2016] [debug] GET "/"
[Sat Apr 16 14:59:35 2016] [debug] Routing to controller "Cucumber::Example::Controller::Example" and action "welcome"
[Sat Apr 16 14:59:35 2016] [debug] Rendering cached template "example/welcome.html.ep"
[Sat Apr 16 14:59:35 2016] [debug] 200 OK (0.002286s, 437.445/s)
[Sat Apr 16 14:59:41 2016] [debug] POST "/calculate"
[Sat Apr 16 14:59:41 2016] [debug] Routing to controller "Cucumber::Example::Controller::Example" and action "calculate"
[Sat Apr 16 14:59:41 2016] [debug] Rendering template "example/calculate.html.ep"
[Sat Apr 16 14:59:41 2016] [debug] 200 OK (0.006557s, 152.509/s)
[Sat Apr 16 14:59:50 2016] [debug] POST "/calculate"
[Sat Apr 16 14:59:50 2016] [debug] Routing to controller "Cucumber::Example::Controller::Example" and action "calculate"
[Sat Apr 16 14:59:51 2016] [debug] Rendering cached template "example/calculate.html.ep"
[Sat Apr 16 14:59:51 2016] [debug] 200 OK (0.010996s, 90.942/s)
[Sat Apr 16 15:03:16 2016] [debug] POST "/calculate"
[Sat Apr 16 15:03:16 2016] [debug] Routing to controller "Cucumber::Example::Controller::Example" and action "calculate"
[Sat Apr 16 15:03:16 2016] [debug] Rendering cached template "example/calculate.html.ep"
[Sat Apr 16 15:03:16 2016] [debug] 200 OK (0.010000s, 100.000/s)
[Sat Apr 16 15:03:25 2016] [debug] POST "/calculate"
[Sat Apr 16 15:03:25 2016] [debug] Routing to controller "Cucumber::Example::Controller::Example" and action "calculate"
[Sat Apr 16 15:03:25 2016] [debug] Rendering cached template "example/calculate.html.ep"
[Sat Apr 16 15:03:25 2016] [debug] 200 OK (0.003788s, 263.992/s)
[Sat Apr 16 15:31:43 2016] [debug] Your secret passphrase needs to be changed
[Sat Apr 16 15:31:43 2016] [debug] GET "/"
[Sat Apr 16 15:31:43 2016] [debug] Routing to controller "Cucumber::Example::Controller::Example" and action "welcome"
[Sat Apr 16 15:31:43 2016] [debug] Rendering template "example/welcome.html.ep"
[Sat Apr 16 15:31:43 2016] [debug] 200 OK (0.015157s, 65.976/s)
[Sat Apr 16 15:31:46 2016] [debug] POST "/calculate"
[Sat Apr 16 15:31:46 2016] [debug] Routing to controller "Cucumber::Example::Controller::Example" and action "calculate"
[Sat Apr 16 15:31:46 2016] [debug] Rendering template "example/calculate.html.ep"
[Sat Apr 16 15:31:46 2016] [debug] 200 OK (0.007990s, 125.156/s)
[Sat Apr 16 15:36:26 2016] [debug] GET "/calculate"
[Sat Apr 16 15:36:26 2016] [debug] Template "not_found.development.html.ep" not found
[Sat Apr 16 15:36:26 2016] [debug] Template "not_found.html.ep" not found
[Sat Apr 16 15:36:26 2016] [debug] Rendering inline template "fd403ab55a4c875e35b42428816134c7"
[Sat Apr 16 15:36:26 2016] [debug] Rendering inline template "dd85456cf9f44e1e43bebae130a7f9df"
[Sat Apr 16 15:36:26 2016] [debug] 404 Not Found (0.044003s, 22.726/s)
[Sat Apr 16 15:36:32 2016] [debug] GET "/"
[Sat Apr 16 15:36:32 2016] [debug] Routing to controller "Cucumber::Example::Controller::Example" and action "welcome"
[Sat Apr 16 15:36:32 2016] [debug] Rendering cached template "example/welcome.html.ep"
[Sat Apr 16 15:36:32 2016] [debug] 200 OK (0.003391s, 294.898/s)
[Sat Apr 16 15:36:37 2016] [debug] POST "/calculate"
[Sat Apr 16 15:36:37 2016] [debug] Routing to controller "Cucumber::Example::Controller::Example" and action "calculate"
[Sat Apr 16 15:36:37 2016] [debug] Rendering cached template "example/calculate.html.ep"
[Sat Apr 16 15:36:37 2016] [debug] 200 OK (0.001737s, 575.705/s)
[Sat Apr 16 15:39:09 2016] [debug] GET "/"
[Sat Apr 16 15:39:09 2016] [debug] Routing to controller "Cucumber::Example::Controller::Example" and action "welcome"
[Sat Apr 16 15:39:09 2016] [debug] Rendering cached template "example/welcome.html.ep"
[Sat Apr 16 15:39:09 2016] [debug] 200 OK (0.002000s, 500.000/s)
[Sat Apr 16 15:39:15 2016] [debug] POST "/calculate"
[Sat Apr 16 15:39:15 2016] [debug] Routing to controller "Cucumber::Example::Controller::Example" and action "calculate"
[Sat Apr 16 15:39:15 2016] [debug] Rendering cached template "example/calculate.html.ep"
[Sat Apr 16 15:39:15 2016] [debug] 200 OK (0.001945s, 514.139/s)
[Sat Apr 16 15:40:14 2016] [debug] GET "/"
[Sat Apr 16 15:40:14 2016] [debug] Routing to controller "Cucumber::Example::Controller::Example" and action "welcome"
[Sat Apr 16 15:40:14 2016] [debug] Rendering cached template "example/welcome.html.ep"
[Sat Apr 16 15:40:14 2016] [debug] 200 OK (0.003000s, 333.333/s)
[Sat Apr 16 15:40:18 2016] [debug] POST "/calculate"
[Sat Apr 16 15:40:18 2016] [debug] Routing to controller "Cucumber::Example::Controller::Example" and action "calculate"
[Sat Apr 16 15:40:18 2016] [debug] Rendering cached template "example/calculate.html.ep"
[Sat Apr 16 15:40:18 2016] [debug] 200 OK (0.002183s, 458.085/s)
[Sat Apr 16 15:42:09 2016] [debug] GET "/"
[Sat Apr 16 15:42:09 2016] [debug] Routing to controller "Cucumber::Example::Controller::Example" and action "welcome"
[Sat Apr 16 15:42:09 2016] [debug] Rendering cached template "example/welcome.html.ep"
[Sat Apr 16 15:42:09 2016] [debug] 200 OK (0.002000s, 500.000/s)
[Sat Apr 16 15:42:12 2016] [debug] POST "/calculate"
[Sat Apr 16 15:42:12 2016] [debug] Routing to controller "Cucumber::Example::Controller::Example" and action "calculate"
[Sat Apr 16 15:42:12 2016] [debug] Rendering cached template "example/calculate.html.ep"
[Sat Apr 16 15:42:12 2016] [debug] 200 OK (0.002088s, 478.927/s)
[Sat Apr 16 15:43:37 2016] [debug] GET "/"
[Sat Apr 16 15:43:37 2016] [debug] Routing to controller "Cucumber::Example::Controller::Example" and action "welcome"
[Sat Apr 16 15:43:37 2016] [debug] Rendering cached template "example/welcome.html.ep"
[Sat Apr 16 15:43:37 2016] [debug] 200 OK (0.002000s, 500.000/s)
[Sat Apr 16 15:43:40 2016] [debug] POST "/calculate"
[Sat Apr 16 15:43:40 2016] [debug] Routing to controller "Cucumber::Example::Controller::Example" and action "calculate"
[Sat Apr 16 15:43:40 2016] [debug] Rendering cached template "example/calculate.html.ep"
[Sat Apr 16 15:43:40 2016] [debug] 200 OK (0.002494s, 400.962/s)
[Sat Apr 16 15:44:44 2016] [debug] GET "/"
[Sat Apr 16 15:44:44 2016] [debug] Routing to controller "Cucumber::Example::Controller::Example" and action "welcome"
[Sat Apr 16 15:44:44 2016] [debug] Rendering cached template "example/welcome.html.ep"
[Sat Apr 16 15:44:44 2016] [debug] 200 OK (0.003000s, 333.333/s)
[Sat Apr 16 15:44:49 2016] [debug] POST "/calculate"
[Sat Apr 16 15:44:49 2016] [debug] Routing to controller "Cucumber::Example::Controller::Example" and action "calculate"
[Sat Apr 16 15:44:49 2016] [debug] Rendering cached template "example/calculate.html.ep"
[Sat Apr 16 15:44:49 2016] [debug] 200 OK (0.001984s, 504.032/s)
[Sat Apr 16 15:50:21 2016] [debug] GET "/"
[Sat Apr 16 15:50:21 2016] [debug] Routing to controller "Cucumber::Example::Controller::Example" and action "welcome"
[Sat Apr 16 15:50:21 2016] [debug] Rendering cached template "example/welcome.html.ep"
[Sat Apr 16 15:50:21 2016] [debug] 200 OK (0.001000s, 1000.000/s)
[Sat Apr 16 15:50:26 2016] [debug] POST "/calculate"
[Sat Apr 16 15:50:26 2016] [debug] Routing to controller "Cucumber::Example::Controller::Example" and action "calculate"
[Sat Apr 16 15:50:26 2016] [debug] Rendering cached template "example/calculate.html.ep"
[Sat Apr 16 15:50:26 2016] [debug] 200 OK (0.002207s, 453.104/s)
[Sat Apr 16 15:51:54 2016] [debug] GET "/"
[Sat Apr 16 15:51:54 2016] [debug] Routing to controller "Cucumber::Example::Controller::Example" and action "welcome"
[Sat Apr 16 15:51:54 2016] [debug] Rendering cached template "example/welcome.html.ep"
[Sat Apr 16 15:51:54 2016] [debug] 200 OK (0.003000s, 333.333/s)
[Sat Apr 16 15:51:58 2016] [debug] POST "/calculate"
[Sat Apr 16 15:51:58 2016] [debug] Routing to controller "Cucumber::Example::Controller::Example" and action "calculate"
[Sat Apr 16 15:51:58 2016] [debug] Rendering cached template "example/calculate.html.ep"
[Sat Apr 16 15:51:58 2016] [debug] 200 OK (0.002202s, 454.133/s)
[Sat Apr 16 15:54:02 2016] [debug] GET "/"
[Sat Apr 16 15:54:02 2016] [debug] Routing to controller "Cucumber::Example::Controller::Example" and action "welcome"
[Sat Apr 16 15:54:02 2016] [debug] Rendering cached template "example/welcome.html.ep"
[Sat Apr 16 15:54:02 2016] [debug] 200 OK (0.002000s, 500.000/s)
[Sat Apr 16 15:54:07 2016] [debug] POST "/calculate"
[Sat Apr 16 15:54:07 2016] [debug] Routing to controller "Cucumber::Example::Controller::Example" and action "calculate"
[Sat Apr 16 15:54:07 2016] [debug] Rendering cached template "example/calculate.html.ep"
[Sat Apr 16 15:54:07 2016] [debug] 200 OK (0.002221s, 450.248/s)
[Sat Apr 16 16:07:57 2016] [debug] GET "/"
[Sat Apr 16 16:07:57 2016] [debug] Routing to controller "Cucumber::Example::Controller::Example" and action "welcome"
[Sat Apr 16 16:07:57 2016] [debug] Rendering cached template "example/welcome.html.ep"
[Sat Apr 16 16:07:57 2016] [debug] 200 OK (0.002000s, 500.000/s)
[Sat Apr 16 16:08:00 2016] [debug] POST "/calculate"
[Sat Apr 16 16:08:00 2016] [debug] Routing to controller "Cucumber::Example::Controller::Example" and action "calculate"
[Sat Apr 16 16:08:00 2016] [debug] Rendering cached template "example/calculate.html.ep"
[Sat Apr 16 16:08:00 2016] [debug] 200 OK (0.001891s, 528.821/s)
[Sat Apr 16 16:08:11 2016] [debug] POST "/calculate"
[Sat Apr 16 16:08:11 2016] [debug] Routing to controller "Cucumber::Example::Controller::Example" and action "calculate"
[Sat Apr 16 16:08:11 2016] [debug] Rendering cached template "example/calculate.html.ep"
[Sat Apr 16 16:08:11 2016] [debug] 200 OK (0.001901s, 526.039/s)
[Sat Apr 16 19:10:08 2016] [debug] Your secret passphrase needs to be changed
[Sat Apr 16 19:10:08 2016] [debug] GET "/"
[Sat Apr 16 19:10:08 2016] [debug] Routing to controller "Cucumber::Example::Controller::Example" and action "welcome"
[Sat Apr 16 19:10:08 2016] [debug] Rendering template "example/welcome.html.ep"
[Sat Apr 16 19:10:08 2016] [debug] 200 OK (0.013644s, 73.292/s)
[Sat Apr 16 19:10:12 2016] [debug] GET "/"
[Sat Apr 16 19:10:12 2016] [debug] Routing to controller "Cucumber::Example::Controller::Example" and action "welcome"
[Sat Apr 16 19:10:12 2016] [debug] Rendering cached template "example/welcome.html.ep"
[Sat Apr 16 19:10:12 2016] [debug] 200 OK (0.001529s, 654.022/s)
[Sat Apr 16 19:10:17 2016] [debug] POST "/calculate"
[Sat Apr 16 19:10:17 2016] [debug] Routing to controller "Cucumber::Example::Controller::Example" and action "calculate"
[Sat Apr 16 19:10:17 2016] [debug] Rendering template "example/calculate.html.ep"
[Sat Apr 16 19:10:17 2016] [debug] 200 OK (0.006105s, 163.800/s)
[Sat Apr 16 20:25:55 2016] [debug] Your secret passphrase needs to be changed
[Sat Apr 16 20:25:55 2016] [debug] GET "/"
[Sat Apr 16 20:25:55 2016] [debug] Routing to controller "Cucumber::Example::Controller::Example" and action "welcome"
[Sat Apr 16 20:25:55 2016] [debug] Rendering template "example/welcome.html.ep"
[Sat Apr 16 20:25:55 2016] [debug] 200 OK (0.024145s, 41.416/s)
[Sat Apr 16 20:25:59 2016] [debug] POST "/calculate"
[Sat Apr 16 20:25:59 2016] [debug] Routing to controller "Cucumber::Example::Controller::Example" and action "calculate"
[Sat Apr 16 20:25:59 2016] [debug] Rendering template "example/calculate.html.ep"
[Sat Apr 16 20:25:59 2016] [debug] 200 OK (0.012709s, 78.684/s)
[Sat Apr 16 20:32:13 2016] [debug] GET "/"
[Sat Apr 16 20:32:13 2016] [debug] Routing to controller "Cucumber::Example::Controller::Example" and action "welcome"
[Sat Apr 16 20:32:13 2016] [debug] Rendering cached template "example/welcome.html.ep"
[Sat Apr 16 20:32:13 2016] [debug] 200 OK (0.003000s, 333.333/s)
[Sat Apr 16 20:32:43 2016] [debug] GET "/"
[Sat Apr 16 20:32:43 2016] [debug] Routing to controller "Cucumber::Example::Controller::Example" and action "welcome"
[Sat Apr 16 20:32:43 2016] [debug] Rendering cached template "example/welcome.html.ep"
[Sat Apr 16 20:32:43 2016] [debug] 200 OK (0.003000s, 333.333/s)
[Sat Apr 16 20:34:04 2016] [debug] GET "/"
[Sat Apr 16 20:34:04 2016] [debug] Routing to controller "Cucumber::Example::Controller::Example" and action "welcome"
[Sat Apr 16 20:34:04 2016] [debug] Rendering cached template "example/welcome.html.ep"
[Sat Apr 16 20:34:04 2016] [debug] 200 OK (0.003000s, 333.333/s)
[Mon Apr 18 07:28:04 2016] [debug] Your secret passphrase needs to be changed
[Mon Apr 18 07:28:04 2016] [debug] GET "/"
[Mon Apr 18 07:28:04 2016] [debug] Routing to controller "Cucumber::Example::Controller::Example" and action "welcome"
[Mon Apr 18 07:28:04 2016] [debug] Rendering template "example/welcome.html.ep"
[Mon Apr 18 07:28:04 2016] [debug] 200 OK (0.014278s, 70.038/s)
[Mon Apr 18 07:33:51 2016] [debug] GET "/"
[Mon Apr 18 07:33:51 2016] [debug] Routing to controller "Cucumber::Example::Controller::Example" and action "welcome"
[Mon Apr 18 07:33:51 2016] [debug] Rendering cached template "example/welcome.html.ep"
[Mon Apr 18 07:33:51 2016] [debug] 200 OK (0.001000s, 1000.000/s)
[Mon Apr 18 07:38:06 2016] [debug] GET "/"
[Mon Apr 18 07:38:06 2016] [debug] Routing to controller "Cucumber::Example::Controller::Example" and action "welcome"
[Mon Apr 18 07:38:06 2016] [debug] Rendering cached template "example/welcome.html.ep"
[Mon Apr 18 07:38:06 2016] [debug] 200 OK (0.002000s, 500.000/s)
[Mon Apr 18 07:38:44 2016] [debug] GET "/"
[Mon Apr 18 07:38:44 2016] [debug] Routing to controller "Cucumber::Example::Controller::Example" and action "welcome"
[Mon Apr 18 07:38:44 2016] [debug] Rendering cached template "example/welcome.html.ep"
[Mon Apr 18 07:38:44 2016] [debug] 200 OK (0.001000s, 1000.000/s)
[Mon Apr 18 08:03:34 2016] [debug] GET "/"
[Mon Apr 18 08:03:34 2016] [debug] Routing to controller "Cucumber::Example::Controller::Example" and action "welcome"
[Mon Apr 18 08:03:34 2016] [debug] Rendering cached template "example/welcome.html.ep"
[Mon Apr 18 08:03:34 2016] [debug] 200 OK (0.005000s, 200.000/s)
[Mon Apr 18 08:04:19 2016] [debug] GET "/"
[Mon Apr 18 08:04:19 2016] [debug] Routing to controller "Cucumber::Example::Controller::Example" and action "welcome"
[Mon Apr 18 08:04:19 2016] [debug] Rendering cached template "example/welcome.html.ep"
[Mon Apr 18 08:04:19 2016] [debug] 200 OK (0.000000s, ??/s)
[Mon Apr 18 08:10:54 2016] [debug] GET "/"
[Mon Apr 18 08:10:54 2016] [debug] Routing to controller "Cucumber::Example::Controller::Example" and action "welcome"
[Mon Apr 18 08:10:54 2016] [debug] Rendering cached template "example/welcome.html.ep"
[Mon Apr 18 08:10:54 2016] [debug] 200 OK (0.000000s, ??/s)
[Mon Apr 18 08:10:58 2016] [debug] POST "/calculate"
[Mon Apr 18 08:10:58 2016] [debug] Routing to controller "Cucumber::Example::Controller::Example" and action "calculate"
[Mon Apr 18 08:10:58 2016] [debug] Rendering template "example/calculate.html.ep"
[Mon Apr 18 08:10:58 2016] [debug] 200 OK (0.005078s, 196.928/s)
[Mon Apr 18 20:54:02 2016] [debug] Your secret passphrase needs to be changed
[Mon Apr 18 20:54:02 2016] [debug] GET "/"
[Mon Apr 18 20:54:02 2016] [debug] Routing to controller "Cucumber::Example::Controller::Example" and action "welcome"
[Mon Apr 18 20:54:02 2016] [debug] Rendering template "example/welcome.html.ep"
[Mon Apr 18 20:54:03 2016] [debug] 200 OK (0.025909s, 38.597/s)
[Mon Apr 18 20:54:03 2016] [debug] POST "/calculate"
[Mon Apr 18 20:54:03 2016] [debug] Routing to controller "Cucumber::Example::Controller::Example" and action "calculate"
[Mon Apr 18 20:54:03 2016] [debug] Rendering template "example/calculate.html.ep"
[Mon Apr 18 20:54:03 2016] [debug] 200 OK (0.007897s, 126.630/s)
[Mon Apr 18 20:54:08 2016] [debug] GET "/"
[Mon Apr 18 20:54:08 2016] [debug] Routing to controller "Cucumber::Example::Controller::Example" and action "welcome"
[Mon Apr 18 20:54:08 2016] [debug] Rendering cached template "example/welcome.html.ep"
[Mon Apr 18 20:54:08 2016] [debug] 200 OK (0.002311s, 432.713/s)
[Mon Apr 18 20:54:08 2016] [debug] POST "/calculate"
[Mon Apr 18 20:54:08 2016] [debug] Routing to controller "Cucumber::Example::Controller::Example" and action "calculate"
[Mon Apr 18 20:54:08 2016] [debug] Rendering cached template "example/calculate.html.ep"
[Mon Apr 18 20:54:08 2016] [debug] 200 OK (0.003929s, 254.518/s)
[Mon Apr 18 20:54:26 2016] [debug] GET "/"
[Mon Apr 18 20:54:26 2016] [debug] Routing to controller "Cucumber::Example::Controller::Example" and action "welcome"
[Mon Apr 18 20:54:26 2016] [debug] Rendering cached template "example/welcome.html.ep"
[Mon Apr 18 20:54:26 2016] [debug] 200 OK (0.002693s, 371.333/s)
[Mon Apr 18 20:54:27 2016] [debug] POST "/calculate"
[Mon Apr 18 20:54:27 2016] [debug] Routing to controller "Cucumber::Example::Controller::Example" and action "calculate"
[Mon Apr 18 20:54:27 2016] [debug] Rendering cached template "example/calculate.html.ep"
[Mon Apr 18 20:54:27 2016] [debug] 200 OK (0.003545s, 282.087/s)
[Mon Apr 18 20:54:31 2016] [debug] GET "/"
[Mon Apr 18 20:54:31 2016] [debug] Routing to controller "Cucumber::Example::Controller::Example" and action "welcome"
[Mon Apr 18 20:54:31 2016] [debug] Rendering cached template "example/welcome.html.ep"
[Mon Apr 18 20:54:31 2016] [debug] 200 OK (0.009593s, 104.243/s)
[Mon Apr 18 20:54:32 2016] [debug] POST "/calculate"
[Mon Apr 18 20:54:32 2016] [debug] Routing to controller "Cucumber::Example::Controller::Example" and action "calculate"
[Mon Apr 18 20:54:32 2016] [debug] Rendering cached template "example/calculate.html.ep"
[Mon Apr 18 20:54:32 2016] [debug] 200 OK (0.003554s, 281.373/s)
